Info: Start Nativelink Simulation process

========= EDA Simulation Settings =====================

Sim Mode              :  Gate
Family                :  cycloneive
Quartus root          :  c:/intelfpga_lite/18.1/quartus/bin64/
Quartus sim root      :  c:/intelfpga_lite/18.1/quartus/eda/sim_lib
Simulation Tool       :  modelsim-altera
Simulation Language   :  verilog
Simulation Mode       :  GUI
Sim Output File       :  LAB2B.vo
Sim SDF file          :  LAB2B__verilog.sdo
Sim dir               :  simulation\modelsim

=======================================================

Info: Starting NativeLink simulation with ModelSim-Altera software
Sourced NativeLink script c:/intelfpga_lite/18.1/quartus/common/tcl/internal/nativelink/modelsim.tcl
Warning: File LAB2B_run_msim_gate_verilog.do already exists - backing up current file as LAB2B_run_msim_gate_verilog.do.bak
Probing transcript
ModelSim-Altera Info: # Reading C:/intelFPGA_lite/18.1/modelsim_ase/tcl/vsim/pref.tcl
ModelSim-Altera Info: # do LAB2B_run_msim_gate_verilog.do
ModelSim-Altera Info: # if {[file exists gate_work]} {
ModelSim-Altera Info: # 	vdel -lib gate_work -all
ModelSim-Altera Info: # }
ModelSim-Altera Info: # vlib gate_work
ModelSim-Altera Info: # vmap work gate_work
ModelSim-Altera Info: # Model Technology ModelSim - Intel FPGA Edition vmap 10.5b Lib Mapping Utility 2016.10 Oct  5 2016
ModelSim-Altera Info: # vmap work gate_work 
ModelSim-Altera Info: # Copying C:/intelFPGA_lite/18.1/modelsim_ase/win32aloem/../modelsim.ini to modelsim.ini
ModelSim-Altera Info: # Modifying modelsim.ini
ModelSim-Altera Info: # 
ModelSim-Altera Info: # vlog -vlog01compat -work work +incdir+. {LAB2B.vo}
ModelSim-Altera Info: # Model Technology ModelSim - Intel FPGA Edition vlog 10.5b Compiler 2016.10 Oct  5 2016
ModelSim-Altera Info: # Start time: 21:24:30 on Mar 16,2025
ModelSim-Altera Info: # vlog -reportprogress 300 -vlog01compat -work work "+incdir+." LAB2B.vo 
ModelSim-Altera Info: # -- Compiling module LAB2B_main
ModelSim-Altera Info: # -- Compiling module hard_block
ModelSim-Altera Info: # 
ModelSim-Altera Info: # Top level modules:
ModelSim-Altera Info: # 	LAB2B_main
ModelSim-Altera Info: # End time: 21:24:30 on Mar 16,2025, Elapsed time: 0:00:00
ModelSim-Altera Info: # Errors: 0, Warnings: 0
ModelSim-Altera Info: # 
ModelSim-Altera Info: # vcom -93 -work work {C:/Users/LINBEI/Documents/GitHub/NTUT/MPL/LAB02/LAB2B_main.vhd}
ModelSim-Altera Info: # Model Technology ModelSim - Intel FPGA Edition vcom 10.5b Compiler 2016.10 Oct  5 2016
ModelSim-Altera Info: # Start time: 21:24:30 on Mar 16,2025
ModelSim-Altera Info: # vcom -reportprogress 300 -93 -work work C:/Users/LINBEI/Documents/GitHub/NTUT/MPL/LAB02/LAB2B_main.vhd 
ModelSim-Altera Info: # -- Loading package STANDARD
ModelSim-Altera Info: # -- Loading package TEXTIO
ModelSim-Altera Info: # -- Loading package std_logic_1164
ModelSim-Altera Error: # ** Error: (vcom-11) Could not find work.lab2b_package.
ModelSim-Altera Info: # ** Error (suppressible): C:/Users/LINBEI/Documents/GitHub/NTUT/MPL/LAB02/LAB2B_main.vhd(3): (vcom-1195) Cannot find expanded name "work.LAB2B_package".
ModelSim-Altera Error: # ** Error: C:/Users/LINBEI/Documents/GitHub/NTUT/MPL/LAB02/LAB2B_main.vhd(3): Unknown expanded name.
ModelSim-Altera Error: # ** Error: C:/Users/LINBEI/Documents/GitHub/NTUT/MPL/LAB02/LAB2B_main.vhd(5): VHDL Compiler exiting
ModelSim-Altera Info: # End time: 21:24:30 on Mar 16,2025, Elapsed time: 0:00:00
ModelSim-Altera Info: # Errors: 4, Warnings: 0
ModelSim-Altera Error: # ** Error: C:/intelFPGA_lite/18.1/modelsim_ase/win32aloem/vcom failed.
ModelSim-Altera Info: # Error in macro ./LAB2B_run_msim_gate_verilog.do line 10
ModelSim-Altera Info: # C:/intelFPGA_lite/18.1/modelsim_ase/win32aloem/vcom failed.
ModelSim-Altera Info: #     while executing
ModelSim-Altera Info: # "vcom -93 -work work {C:/Users/LINBEI/Documents/GitHub/NTUT/MPL/LAB02/LAB2B_main.vhd}"
ModelSim-Altera Info: vsim work.LAB2B_main
ModelSim-Altera Info: # vsim work.LAB2B_main 
ModelSim-Altera Info: # Start time: 21:24:37 on Mar 16,2025
ModelSim-Altera Info: # Loading work.LAB2B_main
ModelSim-Altera Info: # Loading work.hard_block
ModelSim-Altera Error: # ** Error: (vsim-3033) LAB2B.vo(170): Instantiation of 'cycloneive_io_obuf' failed. The design unit was not found.
ModelSim-Altera Info: #    Time: 0 ps  Iteration: 0  Instance: /LAB2B_main File: LAB2B.vo
ModelSim-Altera Info: #         Searched libraries:
ModelSim-Altera Info: #             C:/Users/LINBEI/Documents/GitHub/NTUT/MPL/LAB02/simulation/modelsim/gate_work
ModelSim-Altera Error: # ** Error: (vsim-3033) LAB2B.vo(183): Instantiation of 'cycloneive_io_obuf' failed. The design unit was not found.
ModelSim-Altera Info: #    Time: 0 ps  Iteration: 0  Instance: /LAB2B_main File: LAB2B.vo
ModelSim-Altera Info: #         Searched libraries:
ModelSim-Altera Info: #             C:/Users/LINBEI/Documents/GitHub/NTUT/MPL/LAB02/simulation/modelsim/gate_work
ModelSim-Altera Error: # ** Error: (vsim-3033) LAB2B.vo(196): Instantiation of 'cycloneive_io_obuf' failed. The design unit was not found.
ModelSim-Altera Info: #    Time: 0 ps  Iteration: 0  Instance: /LAB2B_main File: LAB2B.vo
ModelSim-Altera Info: #         Searched libraries:
ModelSim-Altera Info: #             C:/Users/LINBEI/Documents/GitHub/NTUT/MPL/LAB02/simulation/modelsim/gate_work
ModelSim-Altera Error: # ** Error: (vsim-3033) LAB2B.vo(209): Instantiation of 'cycloneive_io_obuf' failed. The design unit was not found.
ModelSim-Altera Info: #    Time: 0 ps  Iteration: 0  Instance: /LAB2B_main File: LAB2B.vo
ModelSim-Altera Info: #         Searched libraries:
ModelSim-Altera Info: #             C:/Users/LINBEI/Documents/GitHub/NTUT/MPL/LAB02/simulation/modelsim/gate_work
ModelSim-Altera Error: # ** Error: (vsim-3033) LAB2B.vo(222): Instantiation of 'cycloneive_io_obuf' failed. The design unit was not found.
ModelSim-Altera Info: #    Time: 0 ps  Iteration: 0  Instance: /LAB2B_main File: LAB2B.vo
ModelSim-Altera Info: #         Searched libraries:
ModelSim-Altera Info: #             C:/Users/LINBEI/Documents/GitHub/NTUT/MPL/LAB02/simulation/modelsim/gate_work
ModelSim-Altera Error: # ** Error: (vsim-3033) LAB2B.vo(235): Instantiation of 'cycloneive_io_obuf' failed. The design unit was not found.
ModelSim-Altera Info: #    Time: 0 ps  Iteration: 0  Instance: /LAB2B_main File: LAB2B.vo
ModelSim-Altera Info: #         Searched libraries:
ModelSim-Altera Info: #             C:/Users/LINBEI/Documents/GitHub/NTUT/MPL/LAB02/simulation/modelsim/gate_work
ModelSim-Altera Error: # ** Error: (vsim-3033) LAB2B.vo(248): Instantiation of 'cycloneive_io_obuf' failed. The design unit was not found.
ModelSim-Altera Info: #    Time: 0 ps  Iteration: 0  Instance: /LAB2B_main File: LAB2B.vo
ModelSim-Altera Info: #         Searched libraries:
ModelSim-Altera Info: #             C:/Users/LINBEI/Documents/GitHub/NTUT/MPL/LAB02/simulation/modelsim/gate_work
ModelSim-Altera Error: # ** Error: (vsim-3033) LAB2B.vo(261): Instantiation of 'cycloneive_io_obuf' failed. The design unit was not found.
ModelSim-Altera Info: #    Time: 0 ps  Iteration: 0  Instance: /LAB2B_main File: LAB2B.vo
ModelSim-Altera Info: #         Searched libraries:
ModelSim-Altera Info: #             C:/Users/LINBEI/Documents/GitHub/NTUT/MPL/LAB02/simulation/modelsim/gate_work
ModelSim-Altera Error: # ** Error: (vsim-3033) LAB2B.vo(274): Instantiation of 'cycloneive_io_obuf' failed. The design unit was not found.
ModelSim-Altera Info: #    Time: 0 ps  Iteration: 0  Instance: /LAB2B_main File: LAB2B.vo
ModelSim-Altera Info: #         Searched libraries:
ModelSim-Altera Info: #             C:/Users/LINBEI/Documents/GitHub/NTUT/MPL/LAB02/simulation/modelsim/gate_work
ModelSim-Altera Error: # ** Error: (vsim-3033) LAB2B.vo(287): Instantiation of 'cycloneive_io_obuf' failed. The design unit was not found.
ModelSim-Altera Info: #    Time: 0 ps  Iteration: 0  Instance: /LAB2B_main File: LAB2B.vo
ModelSim-Altera Info: #         Searched libraries:
ModelSim-Altera Info: #             C:/Users/LINBEI/Documents/GitHub/NTUT/MPL/LAB02/simulation/modelsim/gate_work
ModelSim-Altera Error: # ** Error: (vsim-3033) LAB2B.vo(300): Instantiation of 'cycloneive_io_obuf' failed. The design unit was not found.
ModelSim-Altera Info: #    Time: 0 ps  Iteration: 0  Instance: /LAB2B_main File: LAB2B.vo
ModelSim-Altera Info: #         Searched libraries:
ModelSim-Altera Info: #             C:/Users/LINBEI/Documents/GitHub/NTUT/MPL/LAB02/simulation/modelsim/gate_work
ModelSim-Altera Error: # ** Error: (vsim-3033) LAB2B.vo(313): Instantiation of 'cycloneive_io_obuf' failed. The design unit was not found.
ModelSim-Altera Info: #    Time: 0 ps  Iteration: 0  Instance: /LAB2B_main File: LAB2B.vo
ModelSim-Altera Info: #         Searched libraries:
ModelSim-Altera Info: #             C:/Users/LINBEI/Documents/GitHub/NTUT/MPL/LAB02/simulation/modelsim/gate_work
ModelSim-Altera Error: # ** Error: (vsim-3033) LAB2B.vo(326): Instantiation of 'cycloneive_io_obuf' failed. The design unit was not found.
ModelSim-Altera Info: #    Time: 0 ps  Iteration: 0  Instance: /LAB2B_main File: LAB2B.vo
ModelSim-Altera Info: #         Searched libraries:
ModelSim-Altera Info: #             C:/Users/LINBEI/Documents/GitHub/NTUT/MPL/LAB02/simulation/modelsim/gate_work
ModelSim-Altera Error: # ** Error: (vsim-3033) LAB2B.vo(339): Instantiation of 'cycloneive_io_obuf' failed. The design unit was not found.
ModelSim-Altera Info: #    Time: 0 ps  Iteration: 0  Instance: /LAB2B_main File: LAB2B.vo
ModelSim-Altera Info: #         Searched libraries:
ModelSim-Altera Info: #             C:/Users/LINBEI/Documents/GitHub/NTUT/MPL/LAB02/simulation/modelsim/gate_work
ModelSim-Altera Error: # ** Error: (vsim-3033) LAB2B.vo(352): Instantiation of 'cycloneive_io_obuf' failed. The design unit was not found.
ModelSim-Altera Info: #    Time: 0 ps  Iteration: 0  Instance: /LAB2B_main File: LAB2B.vo
ModelSim-Altera Info: #         Searched libraries:
ModelSim-Altera Info: #             C:/Users/LINBEI/Documents/GitHub/NTUT/MPL/LAB02/simulation/modelsim/gate_work
ModelSim-Altera Error: # ** Error: (vsim-3033) LAB2B.vo(365): Instantiation of 'cycloneive_io_ibuf' failed. The design unit was not found.
ModelSim-Altera Info: #    Time: 0 ps  Iteration: 0  Instance: /LAB2B_main File: LAB2B.vo
ModelSim-Altera Info: #         Searched libraries:
ModelSim-Altera Info: #             C:/Users/LINBEI/Documents/GitHub/NTUT/MPL/LAB02/simulation/modelsim/gate_work
ModelSim-Altera Error: # ** Error: (vsim-3033) LAB2B.vo(375): Instantiation of 'cycloneive_io_ibuf' failed. The design unit was not found.
ModelSim-Altera Info: #    Time: 0 ps  Iteration: 0  Instance: /LAB2B_main File: LAB2B.vo
ModelSim-Altera Info: #         Searched libraries:
ModelSim-Altera Info: #             C:/Users/LINBEI/Documents/GitHub/NTUT/MPL/LAB02/simulation/modelsim/gate_work
ModelSim-Altera Error: # ** Error: (vsim-3033) LAB2B.vo(385): Instantiation of 'cycloneive_io_ibuf' failed. The design unit was not found.
ModelSim-Altera Info: #    Time: 0 ps  Iteration: 0  Instance: /LAB2B_main File: LAB2B.vo
ModelSim-Altera Info: #         Searched libraries:
ModelSim-Altera Info: #             C:/Users/LINBEI/Documents/GitHub/NTUT/MPL/LAB02/simulation/modelsim/gate_work
ModelSim-Altera Error: # ** Error: (vsim-3033) LAB2B.vo(395): Instantiation of 'cycloneive_io_ibuf' failed. The design unit was not found.
ModelSim-Altera Info: #    Time: 0 ps  Iteration: 0  Instance: /LAB2B_main File: LAB2B.vo
ModelSim-Altera Info: #         Searched libraries:
ModelSim-Altera Info: #             C:/Users/LINBEI/Documents/GitHub/NTUT/MPL/LAB02/simulation/modelsim/gate_work
ModelSim-Altera Error: # ** Error: (vsim-3033) LAB2B.vo(405): Instantiation of 'cycloneive_lcell_comb' failed. The design unit was not found.
ModelSim-Altera Info: #    Time: 0 ps  Iteration: 0  Instance: /LAB2B_main File: LAB2B.vo
ModelSim-Altera Info: #         Searched libraries:
ModelSim-Altera Info: #             C:/Users/LINBEI/Documents/GitHub/NTUT/MPL/LAB02/simulation/modelsim/gate_work
ModelSim-Altera Error: # ** Error: (vsim-3033) LAB2B.vo(422): Instantiation of 'cycloneive_io_ibuf' failed. The design unit was not found.
ModelSim-Altera Info: #    Time: 0 ps  Iteration: 0  Instance: /LAB2B_main File: LAB2B.vo
ModelSim-Altera Info: #         Searched libraries:
ModelSim-Altera Info: #             C:/Users/LINBEI/Documents/GitHub/NTUT/MPL/LAB02/simulation/modelsim/gate_work
ModelSim-Altera Error: # ** Error: (vsim-3033) LAB2B.vo(432): Instantiation of 'cycloneive_io_ibuf' failed. The design unit was not found.
ModelSim-Altera Info: #    Time: 0 ps  Iteration: 0  Instance: /LAB2B_main File: LAB2B.vo
ModelSim-Altera Info: #         Searched libraries:
ModelSim-Altera Info: #             C:/Users/LINBEI/Documents/GitHub/NTUT/MPL/LAB02/simulation/modelsim/gate_work
ModelSim-Altera Error: # ** Error: (vsim-3033) LAB2B.vo(442): Instantiation of 'cycloneive_lcell_comb' failed. The design unit was not found.
ModelSim-Altera Info: #    Time: 0 ps  Iteration: 0  Instance: /LAB2B_main File: LAB2B.vo
ModelSim-Altera Info: #         Searched libraries:
ModelSim-Altera Info: #             C:/Users/LINBEI/Documents/GitHub/NTUT/MPL/LAB02/simulation/modelsim/gate_work
ModelSim-Altera Error: # ** Error: (vsim-3033) LAB2B.vo(459): Instantiation of 'cycloneive_io_ibuf' failed. The design unit was not found.
ModelSim-Altera Info: #    Time: 0 ps  Iteration: 0  Instance: /LAB2B_main File: LAB2B.vo
ModelSim-Altera Info: #         Searched libraries:
ModelSim-Altera Info: #             C:/Users/LINBEI/Documents/GitHub/NTUT/MPL/LAB02/simulation/modelsim/gate_work
ModelSim-Altera Error: # ** Error: (vsim-3033) LAB2B.vo(469): Instantiation of 'cycloneive_lcell_comb' failed. The design unit was not found.
ModelSim-Altera Info: #    Time: 0 ps  Iteration: 0  Instance: /LAB2B_main File: LAB2B.vo
ModelSim-Altera Info: #         Searched libraries:
ModelSim-Altera Info: #             C:/Users/LINBEI/Documents/GitHub/NTUT/MPL/LAB02/simulation/modelsim/gate_work
ModelSim-Altera Error: # ** Error: (vsim-3033) LAB2B.vo(486): Instantiation of 'cycloneive_lcell_comb' failed. The design unit was not found.
ModelSim-Altera Info: #    Time: 0 ps  Iteration: 0  Instance: /LAB2B_main File: LAB2B.vo
ModelSim-Altera Info: #         Searched libraries:
ModelSim-Altera Info: #             C:/Users/LINBEI/Documents/GitHub/NTUT/MPL/LAB02/simulation/modelsim/gate_work
ModelSim-Altera Error: # ** Error: (vsim-3033) LAB2B.vo(503): Instantiation of 'cycloneive_lcell_comb' failed. The design unit was not found.
ModelSim-Altera Info: #    Time: 0 ps  Iteration: 0  Instance: /LAB2B_main File: LAB2B.vo
ModelSim-Altera Info: #         Searched libraries:
ModelSim-Altera Info: #             C:/Users/LINBEI/Documents/GitHub/NTUT/MPL/LAB02/simulation/modelsim/gate_work
ModelSim-Altera Error: # ** Error: (vsim-3033) LAB2B.vo(520): Instantiation of 'cycloneive_io_ibuf' failed. The design unit was not found.
ModelSim-Altera Info: #    Time: 0 ps  Iteration: 0  Instance: /LAB2B_main File: LAB2B.vo
ModelSim-Altera Info: #         Searched libraries:
ModelSim-Altera Info: #             C:/Users/LINBEI/Documents/GitHub/NTUT/MPL/LAB02/simulation/modelsim/gate_work
ModelSim-Altera Error: # ** Error: (vsim-3033) LAB2B.vo(530): Instantiation of 'cycloneive_io_ibuf' failed. The design unit was not found.
ModelSim-Altera Info: #    Time: 0 ps  Iteration: 0  Instance: /LAB2B_main File: LAB2B.vo
ModelSim-Altera Info: #         Searched libraries:
ModelSim-Altera Info: #             C:/Users/LINBEI/Documents/GitHub/NTUT/MPL/LAB02/simulation/modelsim/gate_work
ModelSim-Altera Error: # ** Error: (vsim-3033) LAB2B.vo(540): Instantiation of 'cycloneive_lcell_comb' failed. The design unit was not found.
ModelSim-Altera Info: #    Time: 0 ps  Iteration: 0  Instance: /LAB2B_main File: LAB2B.vo
ModelSim-Altera Info: #         Searched libraries:
ModelSim-Altera Info: #             C:/Users/LINBEI/Documents/GitHub/NTUT/MPL/LAB02/simulation/modelsim/gate_work
ModelSim-Altera Error: # ** Error: (vsim-3033) LAB2B.vo(557): Instantiation of 'cycloneive_lcell_comb' failed. The design unit was not found.
ModelSim-Altera Info: #    Time: 0 ps  Iteration: 0  Instance: /LAB2B_main File: LAB2B.vo
ModelSim-Altera Info: #         Searched libraries:
ModelSim-Altera Info: #             C:/Users/LINBEI/Documents/GitHub/NTUT/MPL/LAB02/simulation/modelsim/gate_work
ModelSim-Altera Error: # ** Error: (vsim-3033) LAB2B.vo(574): Instantiation of 'cycloneive_lcell_comb' failed. The design unit was not found.
ModelSim-Altera Info: #    Time: 0 ps  Iteration: 0  Instance: /LAB2B_main File: LAB2B.vo
ModelSim-Altera Info: #         Searched libraries:
ModelSim-Altera Info: #             C:/Users/LINBEI/Documents/GitHub/NTUT/MPL/LAB02/simulation/modelsim/gate_work
ModelSim-Altera Error: # ** Error: (vsim-3033) LAB2B.vo(591): Instantiation of 'cycloneive_lcell_comb' failed. The design unit was not found.
ModelSim-Altera Info: #    Time: 0 ps  Iteration: 0  Instance: /LAB2B_main File: LAB2B.vo
ModelSim-Altera Info: #         Searched libraries:
ModelSim-Altera Info: #             C:/Users/LINBEI/Documents/GitHub/NTUT/MPL/LAB02/simulation/modelsim/gate_work
ModelSim-Altera Error: # ** Error: (vsim-3033) LAB2B.vo(608): Instantiation of 'cycloneive_lcell_comb' failed. The design unit was not found.
ModelSim-Altera Info: #    Time: 0 ps  Iteration: 0  Instance: /LAB2B_main File: LAB2B.vo
ModelSim-Altera Info: #         Searched libraries:
ModelSim-Altera Info: #             C:/Users/LINBEI/Documents/GitHub/NTUT/MPL/LAB02/simulation/modelsim/gate_work
ModelSim-Altera Error: # ** Error: (vsim-3033) LAB2B.vo(625): Instantiation of 'cycloneive_lcell_comb' failed. The design unit was not found.
ModelSim-Altera Info: #    Time: 0 ps  Iteration: 0  Instance: /LAB2B_main File: LAB2B.vo
ModelSim-Altera Info: #         Searched libraries:
ModelSim-Altera Info: #             C:/Users/LINBEI/Documents/GitHub/NTUT/MPL/LAB02/simulation/modelsim/gate_work
ModelSim-Altera Error: # ** Error: (vsim-3033) LAB2B.vo(642): Instantiation of 'cycloneive_lcell_comb' failed. The design unit was not found.
ModelSim-Altera Info: #    Time: 0 ps  Iteration: 0  Instance: /LAB2B_main File: LAB2B.vo
ModelSim-Altera Info: #         Searched libraries:
ModelSim-Altera Info: #             C:/Users/LINBEI/Documents/GitHub/NTUT/MPL/LAB02/simulation/modelsim/gate_work
ModelSim-Altera Error: # ** Error: (vsim-3033) LAB2B.vo(659): Instantiation of 'cycloneive_lcell_comb' failed. The design unit was not found.
ModelSim-Altera Info: #    Time: 0 ps  Iteration: 0  Instance: /LAB2B_main File: LAB2B.vo
ModelSim-Altera Info: #         Searched libraries:
ModelSim-Altera Info: #             C:/Users/LINBEI/Documents/GitHub/NTUT/MPL/LAB02/simulation/modelsim/gate_work
ModelSim-Altera Error: # ** Error: (vsim-3033) LAB2B.vo(676): Instantiation of 'cycloneive_lcell_comb' failed. The design unit was not found.
ModelSim-Altera Info: #    Time: 0 ps  Iteration: 0  Instance: /LAB2B_main File: LAB2B.vo
ModelSim-Altera Info: #         Searched libraries:
ModelSim-Altera Info: #             C:/Users/LINBEI/Documents/GitHub/NTUT/MPL/LAB02/simulation/modelsim/gate_work
ModelSim-Altera Error: # ** Error: (vsim-3033) LAB2B.vo(693): Instantiation of 'cycloneive_lcell_comb' failed. The design unit was not found.
ModelSim-Altera Info: #    Time: 0 ps  Iteration: 0  Instance: /LAB2B_main File: LAB2B.vo
ModelSim-Altera Info: #         Searched libraries:
ModelSim-Altera Info: #             C:/Users/LINBEI/Documents/GitHub/NTUT/MPL/LAB02/simulation/modelsim/gate_work
ModelSim-Altera Error: # ** Error: (vsim-3033) LAB2B.vo(710): Instantiation of 'cycloneive_lcell_comb' failed. The design unit was not found.
ModelSim-Altera Info: #    Time: 0 ps  Iteration: 0  Instance: /LAB2B_main File: LAB2B.vo
ModelSim-Altera Info: #         Searched libraries:
ModelSim-Altera Info: #             C:/Users/LINBEI/Documents/GitHub/NTUT/MPL/LAB02/simulation/modelsim/gate_work
ModelSim-Altera Error: # ** Error: (vsim-3033) LAB2B.vo(728): Instantiation of 'cycloneive_lcell_comb' failed. The design unit was not found.
ModelSim-Altera Info: #    Time: 0 ps  Iteration: 0  Instance: /LAB2B_main File: LAB2B.vo
ModelSim-Altera Info: #         Searched libraries:
ModelSim-Altera Info: #             C:/Users/LINBEI/Documents/GitHub/NTUT/MPL/LAB02/simulation/modelsim/gate_work
ModelSim-Altera Error: # ** Error: (vsim-3033) LAB2B.vo(745): Instantiation of 'cycloneive_io_ibuf' failed. The design unit was not found.
ModelSim-Altera Info: #    Time: 0 ps  Iteration: 0  Instance: /LAB2B_main File: LAB2B.vo
ModelSim-Altera Info: #         Searched libraries:
ModelSim-Altera Info: #             C:/Users/LINBEI/Documents/GitHub/NTUT/MPL/LAB02/simulation/modelsim/gate_work
ModelSim-Altera Error: # ** Error: (vsim-3033) LAB2B.vo(755): Instantiation of 'cycloneive_io_ibuf' failed. The design unit was not found.
ModelSim-Altera Info: #    Time: 0 ps  Iteration: 0  Instance: /LAB2B_main File: LAB2B.vo
ModelSim-Altera Info: #         Searched libraries:
ModelSim-Altera Info: #             C:/Users/LINBEI/Documents/GitHub/NTUT/MPL/LAB02/simulation/modelsim/gate_work
ModelSim-Altera Error: # ** Error: (vsim-3033) LAB2B.vo(765): Instantiation of 'cycloneive_io_ibuf' failed. The design unit was not found.
ModelSim-Altera Info: #    Time: 0 ps  Iteration: 0  Instance: /LAB2B_main File: LAB2B.vo
ModelSim-Altera Info: #         Searched libraries:
ModelSim-Altera Info: #             C:/Users/LINBEI/Documents/GitHub/NTUT/MPL/LAB02/simulation/modelsim/gate_work
ModelSim-Altera Error: # ** Error: (vsim-3033) LAB2B.vo(775): Instantiation of 'cycloneive_io_ibuf' failed. The design unit was not found.
ModelSim-Altera Info: #    Time: 0 ps  Iteration: 0  Instance: /LAB2B_main File: LAB2B.vo
ModelSim-Altera Info: #         Searched libraries:
ModelSim-Altera Info: #             C:/Users/LINBEI/Documents/GitHub/NTUT/MPL/LAB02/simulation/modelsim/gate_work
ModelSim-Altera Error: # ** Error: (vsim-3033) LAB2B.vo(785): Instantiation of 'cycloneive_lcell_comb' failed. The design unit was not found.
ModelSim-Altera Info: #    Time: 0 ps  Iteration: 0  Instance: /LAB2B_main File: LAB2B.vo
ModelSim-Altera Info: #         Searched libraries:
ModelSim-Altera Info: #             C:/Users/LINBEI/Documents/GitHub/NTUT/MPL/LAB02/simulation/modelsim/gate_work
ModelSim-Altera Error: # ** Error: (vsim-3033) LAB2B.vo(802): Instantiation of 'cycloneive_lcell_comb' failed. The design unit was not found.
ModelSim-Altera Info: #    Time: 0 ps  Iteration: 0  Instance: /LAB2B_main File: LAB2B.vo
ModelSim-Altera Info: #         Searched libraries:
ModelSim-Altera Info: #             C:/Users/LINBEI/Documents/GitHub/NTUT/MPL/LAB02/simulation/modelsim/gate_work
ModelSim-Altera Error: # ** Error: (vsim-3033) LAB2B.vo(819): Instantiation of 'cycloneive_lcell_comb' failed. The design unit was not found.
ModelSim-Altera Info: #    Time: 0 ps  Iteration: 0  Instance: /LAB2B_main File: LAB2B.vo
ModelSim-Altera Info: #         Searched libraries:
ModelSim-Altera Info: #             C:/Users/LINBEI/Documents/GitHub/NTUT/MPL/LAB02/simulation/modelsim/gate_work
ModelSim-Altera Error: # ** Error: (vsim-3033) LAB2B.vo(836): Instantiation of 'cycloneive_io_ibuf' failed. The design unit was not found.
ModelSim-Altera Info: #    Time: 0 ps  Iteration: 0  Instance: /LAB2B_main File: LAB2B.vo
ModelSim-Altera Info: #         Searched libraries:
ModelSim-Altera Info: #             C:/Users/LINBEI/Documents/GitHub/NTUT/MPL/LAB02/simulation/modelsim/gate_work
ModelSim-Altera Error: # ** Error: (vsim-3033) LAB2B.vo(846): Instantiation of 'cycloneive_io_ibuf' failed. The design unit was not found.
ModelSim-Altera Info: #    Time: 0 ps  Iteration: 0  Instance: /LAB2B_main File: LAB2B.vo
ModelSim-Altera Info: #         Searched libraries:
ModelSim-Altera Info: #             C:/Users/LINBEI/Documents/GitHub/NTUT/MPL/LAB02/simulation/modelsim/gate_work
ModelSim-Altera Error: # ** Error: (vsim-3033) LAB2B.vo(856): Instantiation of 'cycloneive_lcell_comb' failed. The design unit was not found.
ModelSim-Altera Info: #    Time: 0 ps  Iteration: 0  Instance: /LAB2B_main File: LAB2B.vo
ModelSim-Altera Info: #         Searched libraries:
ModelSim-Altera Info: #             C:/Users/LINBEI/Documents/GitHub/NTUT/MPL/LAB02/simulation/modelsim/gate_work
ModelSim-Altera Error: # ** Error: (vsim-3033) LAB2B.vo(873): Instantiation of 'cycloneive_lcell_comb' failed. The design unit was not found.
ModelSim-Altera Info: #    Time: 0 ps  Iteration: 0  Instance: /LAB2B_main File: LAB2B.vo
ModelSim-Altera Info: #         Searched libraries:
ModelSim-Altera Info: #             C:/Users/LINBEI/Documents/GitHub/NTUT/MPL/LAB02/simulation/modelsim/gate_work
ModelSim-Altera Error: # ** Error: (vsim-3033) LAB2B.vo(890): Instantiation of 'cycloneive_io_ibuf' failed. The design unit was not found.
ModelSim-Altera Info: #    Time: 0 ps  Iteration: 0  Instance: /LAB2B_main File: LAB2B.vo
ModelSim-Altera Info: #         Searched libraries:
ModelSim-Altera Info: #             C:/Users/LINBEI/Documents/GitHub/NTUT/MPL/LAB02/simulation/modelsim/gate_work
ModelSim-Altera Error: # ** Error: (vsim-3033) LAB2B.vo(900): Instantiation of 'cycloneive_io_ibuf' failed. The design unit was not found.
ModelSim-Altera Info: #    Time: 0 ps  Iteration: 0  Instance: /LAB2B_main File: LAB2B.vo
ModelSim-Altera Info: #         Searched libraries:
ModelSim-Altera Info: #             C:/Users/LINBEI/Documents/GitHub/NTUT/MPL/LAB02/simulation/modelsim/gate_work
ModelSim-Altera Error: # ** Error: (vsim-3033) LAB2B.vo(910): Instantiation of 'cycloneive_lcell_comb' failed. The design unit was not found.
ModelSim-Altera Info: #    Time: 0 ps  Iteration: 0  Instance: /LAB2B_main File: LAB2B.vo
ModelSim-Altera Info: #         Searched libraries:
ModelSim-Altera Info: #             C:/Users/LINBEI/Documents/GitHub/NTUT/MPL/LAB02/simulation/modelsim/gate_work
ModelSim-Altera Error: # ** Error: (vsim-3033) LAB2B.vo(927): Instantiation of 'cycloneive_lcell_comb' failed. The design unit was not found.
ModelSim-Altera Info: #    Time: 0 ps  Iteration: 0  Instance: /LAB2B_main File: LAB2B.vo
ModelSim-Altera Info: #         Searched libraries:
ModelSim-Altera Info: #             C:/Users/LINBEI/Documents/GitHub/NTUT/MPL/LAB02/simulation/modelsim/gate_work
ModelSim-Altera Error: # ** Error: (vsim-3033) LAB2B.vo(944): Instantiation of 'cycloneive_lcell_comb' failed. The design unit was not found.
ModelSim-Altera Info: #    Time: 0 ps  Iteration: 0  Instance: /LAB2B_main File: LAB2B.vo
ModelSim-Altera Info: #         Searched libraries:
ModelSim-Altera Info: #             C:/Users/LINBEI/Documents/GitHub/NTUT/MPL/LAB02/simulation/modelsim/gate_work
ModelSim-Altera Error: # ** Error: (vsim-3033) LAB2B.vo(961): Instantiation of 'cycloneive_lcell_comb' failed. The design unit was not found.
ModelSim-Altera Info: #    Time: 0 ps  Iteration: 0  Instance: /LAB2B_main File: LAB2B.vo
ModelSim-Altera Info: #         Searched libraries:
ModelSim-Altera Info: #             C:/Users/LINBEI/Documents/GitHub/NTUT/MPL/LAB02/simulation/modelsim/gate_work
ModelSim-Altera Error: # ** Error: (vsim-3033) LAB2B.vo(978): Instantiation of 'cycloneive_lcell_comb' failed. The design unit was not found.
ModelSim-Altera Info: #    Time: 0 ps  Iteration: 0  Instance: /LAB2B_main File: LAB2B.vo
ModelSim-Altera Info: #         Searched libraries:
ModelSim-Altera Info: #             C:/Users/LINBEI/Documents/GitHub/NTUT/MPL/LAB02/simulation/modelsim/gate_work
ModelSim-Altera Error: # ** Error: (vsim-3033) LAB2B.vo(995): Instantiation of 'cycloneive_lcell_comb' failed. The design unit was not found.
ModelSim-Altera Info: #    Time: 0 ps  Iteration: 0  Instance: /LAB2B_main File: LAB2B.vo
ModelSim-Altera Info: #         Searched libraries:
ModelSim-Altera Info: #             C:/Users/LINBEI/Documents/GitHub/NTUT/MPL/LAB02/simulation/modelsim/gate_work
ModelSim-Altera Error: # ** Error: (vsim-3033) LAB2B.vo(1012): Instantiation of 'cycloneive_lcell_comb' failed. The design unit was not found.
ModelSim-Altera Info: #    Time: 0 ps  Iteration: 0  Instance: /LAB2B_main File: LAB2B.vo
ModelSim-Altera Info: #         Searched libraries:
ModelSim-Altera Info: #             C:/Users/LINBEI/Documents/GitHub/NTUT/MPL/LAB02/simulation/modelsim/gate_work
ModelSim-Altera Error: # ** Error: (vsim-3033) LAB2B.vo(1029): Instantiation of 'cycloneive_lcell_comb' failed. The design unit was not found.
ModelSim-Altera Info: #    Time: 0 ps  Iteration: 0  Instance: /LAB2B_main File: LAB2B.vo
ModelSim-Altera Info: #         Searched libraries:
ModelSim-Altera Info: #             C:/Users/LINBEI/Documents/GitHub/NTUT/MPL/LAB02/simulation/modelsim/gate_work
ModelSim-Altera Error: # ** Error: (vsim-3033) LAB2B.vo(1046): Instantiation of 'cycloneive_lcell_comb' failed. The design unit was not found.
ModelSim-Altera Info: #    Time: 0 ps  Iteration: 0  Instance: /LAB2B_main File: LAB2B.vo
ModelSim-Altera Info: #         Searched libraries:
ModelSim-Altera Info: #             C:/Users/LINBEI/Documents/GitHub/NTUT/MPL/LAB02/simulation/modelsim/gate_work
ModelSim-Altera Error: # ** Error: (vsim-3033) LAB2B.vo(1063): Instantiation of 'cycloneive_lcell_comb' failed. The design unit was not found.
ModelSim-Altera Info: #    Time: 0 ps  Iteration: 0  Instance: /LAB2B_main File: LAB2B.vo
ModelSim-Altera Info: #         Searched libraries:
ModelSim-Altera Info: #             C:/Users/LINBEI/Documents/GitHub/NTUT/MPL/LAB02/simulation/modelsim/gate_work
ModelSim-Altera Error: # ** Error: (vsim-3033) LAB2B.vo(1080): Instantiation of 'cycloneive_lcell_comb' failed. The design unit was not found.
ModelSim-Altera Info: #    Time: 0 ps  Iteration: 0  Instance: /LAB2B_main File: LAB2B.vo
ModelSim-Altera Info: #         Searched libraries:
ModelSim-Altera Info: #             C:/Users/LINBEI/Documents/GitHub/NTUT/MPL/LAB02/simulation/modelsim/gate_work
ModelSim-Altera Error: # ** Error: (vsim-3033) LAB2B.vo(1097): Instantiation of 'cycloneive_lcell_comb' failed. The design unit was not found.
ModelSim-Altera Info: #    Time: 0 ps  Iteration: 0  Instance: /LAB2B_main File: LAB2B.vo
ModelSim-Altera Info: #         Searched libraries:
ModelSim-Altera Info: #             C:/Users/LINBEI/Documents/GitHub/NTUT/MPL/LAB02/simulation/modelsim/gate_work
ModelSim-Altera Error: # ** Error: (vsim-3033) LAB2B.vo(1115): Instantiation of 'cycloneive_lcell_comb' failed. The design unit was not found.
ModelSim-Altera Info: #    Time: 0 ps  Iteration: 0  Instance: /LAB2B_main File: LAB2B.vo
ModelSim-Altera Info: #         Searched libraries:
ModelSim-Altera Info: #             C:/Users/LINBEI/Documents/GitHub/NTUT/MPL/LAB02/simulation/modelsim/gate_work
ModelSim-Altera Error: # ** Error: (vsim-3033) LAB2B.vo(1132): Instantiation of 'cycloneive_lcell_comb' failed. The design unit was not found.
ModelSim-Altera Info: #    Time: 0 ps  Iteration: 0  Instance: /LAB2B_main File: LAB2B.vo
ModelSim-Altera Info: #         Searched libraries:
ModelSim-Altera Info: #             C:/Users/LINBEI/Documents/GitHub/NTUT/MPL/LAB02/simulation/modelsim/gate_work
ModelSim-Altera Error: # ** Error: (vsim-3033) LAB2B.vo(1149): Instantiation of 'cycloneive_lcell_comb' failed. The design unit was not found.
ModelSim-Altera Info: #    Time: 0 ps  Iteration: 0  Instance: /LAB2B_main File: LAB2B.vo
ModelSim-Altera Info: #         Searched libraries:
ModelSim-Altera Info: #             C:/Users/LINBEI/Documents/GitHub/NTUT/MPL/LAB02/simulation/modelsim/gate_work
ModelSim-Altera Info: # Error loading design
ModelSim-Altera Info: # End time: 21:24:37 on Mar 16,2025, Elapsed time: 0:00:00
ModelSim-Altera Info: # Errors: 69, Warnings: 0
Error: Errors encountered while running modelsim do file
Error: NativeLink simulation flow was NOT successful



================The following additional information is provided to help identify the cause of error while running nativelink scripts=================
Nativelink TCL script failed with errorCode:  1
Nativelink TCL script failed with errorInfo:  1
    (procedure "launch_sim" line 1)
    invoked from within
"launch_sim launch_args_hash"
    ("eval" body line 1)
    invoked from within
"eval launch_sim launch_args_hash"
    invoked from within
"if [ info exists ::errorCode ] {
                set savedCode $::errorCode
                set savedInfo $::errorInfo
                error $result $..."
    invoked from within
"if [catch {eval launch_sim launch_args_hash} result ] {
            set status 1
            if [ info exists ::errorCode ] {
                set save..."
    (procedure "run_sim" line 74)
    invoked from within
"run_sim run_sim_args_hash"
    invoked from within
"if [ info exists ::errorCode ] {
            set savedCode $::errorCode
            set savedInfo $::errorInfo
            error "$result" $savedInfo ..."
    (procedure "run_eda_simulation_tool" line 334)
    invoked from within
"run_eda_simulation_tool eda_opts_hash"
